三月 01, 2022 8:26:48 上午 io.github.yedaxia.apidocs.LogUtils info
信息: info: find java src paths:  [D:\project\look\src\main\java\]
三月 01, 2022 8:26:48 上午 io.github.yedaxia.apidocs.LogUtils info
信息: info: project type not set, try to figure out...
三月 01, 2022 8:26:48 上午 io.github.yedaxia.apidocs.LogUtils info
信息: info: start find controllers in path : D:\project\look\src\main\java\
三月 01, 2022 8:26:48 上午 io.github.yedaxia.apidocs.LogUtils info
信息: info: find controller file : AuthenticController.java
三月 01, 2022 8:26:48 上午 io.github.yedaxia.apidocs.LogUtils info
信息: info: find controller file : CourseController.java
三月 01, 2022 8:26:48 上午 io.github.yedaxia.apidocs.LogUtils info
信息: info: find controller file : ManageController.java
三月 01, 2022 8:26:48 上午 io.github.yedaxia.apidocs.LogUtils info
信息: info: find controller file : FilesController.java
三月 01, 2022 8:26:48 上午 io.github.yedaxia.apidocs.LogUtils info
信息: info: start to parse controller file : AuthenticController.java
三月 01, 2022 8:26:48 上午 io.github.yedaxia.apidocs.LogUtils info
信息: info: start to parse controller file : CourseController.java
三月 01, 2022 8:26:48 上午 io.github.yedaxia.apidocs.LogUtils info
信息: info: success to parse controller file : CourseController.java
三月 01, 2022 8:26:48 上午 io.github.yedaxia.apidocs.LogUtils info
信息: info: start to parse controller file : ManageController.java
三月 01, 2022 8:26:48 上午 io.github.yedaxia.apidocs.LogUtils info
信息: info: start to parse controller file : FilesController.java
三月 01, 2022 8:26:48 上午 io.github.yedaxia.apidocs.LogUtils info
信息: info: generate api docs start...
三月 01, 2022 8:26:48 上午 io.github.yedaxia.apidocs.LogUtils info
信息: info: start to generate docs for controller file : D:\project\look\src\main\java\com\look\interior\course\controller\CourseController.java
三月 01, 2022 8:26:49 上午 io.github.yedaxia.apidocs.LogUtils info
信息: info: success to generate docs for controller file : D:\project\look\src\main\java\com\look\interior\course\controller\CourseController.java
三月 01, 2022 8:26:49 上午 io.github.yedaxia.apidocs.LogUtils info
信息: info: generate index start !!!
三月 01, 2022 8:26:49 上午 io.github.yedaxia.apidocs.LogUtils info
信息: info: generate index done !!!
三月 01, 2022 8:26:49 上午 io.github.yedaxia.apidocs.LogUtils info
信息: info: generate api docs done !!!
